<?xml version="1.0" encoding="UTF-8"?>
<!-- Generated by org.testng.reporters.JUnitReportReporter -->
<testsuite hostname="NRDivase" failures="0" tests="2" name="TestNGClasses.TestNg02" time="0.000" errors="0" timestamp="2022-08-27T14:03:45 IST" skipped="2">
  <testcase classname="TestNGClasses.TestNg02" name="TestUrl" time="0.000">
    <skipped/>
  </testcase> <!-- TestUrl -->
  <system-out/>
  <testcase classname="TestNGClasses.TestNg02" name="TestUrl" time="0.000">
    <skipped/>
  </testcase> <!-- TestUrl -->
  <system-out/>
</testsuite> <!-- TestNGClasses.TestNg02 -->
